[    0.000000] Initilizig grup subs puset
[    0.000000] Initilizing cgrupsubsys cpu
[    0.000000] Initiaiznggrup subsys cpuact
[   000000]Linux vrsion 4.4.0-96-generic (buildd@lgw01-10) (gcc version 5.4.0 20160609 (Ubuntu 5.4.0-6ubuntu1~16.04.4) ) #119-Ubuntu SMP Tue Sep 12 14:59:54 UTC 2017 (Ubuntu 4.4.0-96.119-generic 4.4.83)
[    0.000000] Command line: BOOT_IMAGE=/boot/vmlinuz-4.4.0-96-generic root=LABEL=cloudimg-rootfs ro console=tty1 console=ttyS0
[    0.000000] KERNEL supported cpus:
[    0.000000]   Intel GenuineIntel
[    0.000000]   AMD AuthenticAMD
[    0.000000]   Centaur CentaurHauls
[    0.000000] ------------[ cut here ]------------
[    0.000000] WARNING: CPU: 0 PID: 0 at /build/linux-z2ccW0/linux-4.4.0/arch/x86/kernel/fpu/xstate.c:517 fpu__init_system_xstate+0x38b/0x75a()
[    0.000000] XSAVE consistency problem, dumping leaves
[    0.000000] Modules lind in:
[    0.000000] CPU: 0 PID: 0 Comm: swapper Not tainted 4.4.0-96-generic #119-Ubuntu
[    0.000000]  00000000000000086 cc195caedd20ab2d ffffffff81e03d80 ffffffff813fabd3
[    0.000000]  ffffffff81e03dc8 ffffffff81caa650 ffffffff81e03db8 ffffffff810812e2
[    0.000000]  ffffffff81e03e48 ffffffff81e03e4c 0000000000000008 0000000000000100
[    0.000000] Call Trace:
[    0.000000]  [<ffffffff813fabd3>] dump_stack+0x63/0x90
[    0.000000]  [<ffffffff810812e2>] warn_slowpath_common+0x82/0xc0
[    0.000000]  [<ffffffff8108137c>] warn_slowpath_fmt+0x5c/0x80
[    0.000000]  [<ffffffff8107cff0>] ? xfeature_size+0x59/0x77
[    0.000000]  [<ffffffff81f6e20b>] fpu__init_system_xstate+0x38b/0x75a
[    0.000000]  [<ffffffff81f5e120>] ? early_idt_handler_array+0x120/0x120
[    0.000000]  [<ffffffff81f6db76>] fpu__init_system+0x10d/0x245
[    0.000000]  [<ffffffff81f6ec7f>] early_cpu_init+0x139/0x13e
[    0.000000]  [<ffffffff81f6ec7f>] ? early_cpu_init+0x139/0x13e
[    0.000000]  [<ffffffff81f6a181>] setup_arch+0xb4/0xcf6
[    0.000000]  [<ffffffff81f5e120>] ? early_idt_handler_array+0x120/0x120
[    0.000000]  [<ffffffff81f5ec74>] start_kernel+0xe4/0x4a2
[    0.000000]  [<ffffffff81f5e120>] ? early_idt_handler_array+0x120/0x120
[    0.000000]  [<ffffffff81f5e339>] x86_64_start_reservations+0x2a/0x2c
[    0.000000]  [<ffffffff81f5e485>] x86_64_start_kernel+0x14a/0x16d
[    0.000000] ---[ end trace 4d5ff9f2f68c4233 ]---
[    0.000000] CPUID[0d, 00]: eax=00000007 ebx=00000440 ecx=00000440 edx=00000000
[    0.000000] CPUID[0d, 01]: eax=00000000 ebx=000003c0 ecx=00000000 edx=00000000
[    0.000000] CPUID[0d, 02]: eax=00000100 ebx=00000240 ecx=00000000 edx=00000000
[    0.000000] CPUID[0d, 03]: eax=00000000 ebx=00000000 ecx=00000000 edx=00000000
[    0.000000] CPUID[0d, 04]: eax=00000000 ebx=00000000 ecx=00000000 edx=00000000
[    0.000000] CPUID[0d, 05]: eax=00000000 ebx=00000000 ecx=00000000 edx=00000000
[    0.000000] CPUID[0d, 06]: eax=00000000 ebx=00000000 ecx=00000000 edx=00000000
[    0.000000] CPUID[0d, 07]: eax=00000000 ebx=00000000 ecx=00000000 edx=00000000
[    0.000000] CPUID[0d, 08]: eax=00000000 ebx=00000000 ecx=00000000 edx=00000000
[    0.000000] CPUID[0d, 09]: eax=00000000 ebx=00000000 ecx=00000000 edx=00000000
[    0.000000] CPUID[0d, 0a]: eax=00000000 ebx=00000000 ecx=00000000 edx=00000000
[    0.000000] CPUID[0d, 0b]: eax=00000000 ebx=00000000 ecx=00000000 edx=00000000
[    0.000000] CPUID[0d, 0c]: eax=00000000 ebx=00000000 ecx=00000000 edx=00000000
[    0.000000] CPUID[0d, 0d]: eax=00000000 ebx=00000000 ecx=00000000 edx=00000000
[    0.000000] CPUID[0d, 0e]: eax=00000000 ebx=00000000 ecx=00000000 edx=00000000
[    0.000000] CPUID[0d, 0f]: eax=00000000 ebx=00000000 ecx=00000000 edx=00000000
[    0.000000] CPUID[0d, 10]: eax=00000000 ebx=00000000 ecx=00000000 edx=00000000
[    0.000000] CPUID[0d, 11]: eax=00000000 ebx=00000000 ecx=00000000 edx=00000000
[    0.000000] x86/fpu: xstate_offset[2]:  576, xstate_sizes[2]:  256
[    0.000000] x86/fpu: Supporting XSAVE feature 0x01: 'x87 floating point registers'
[    0.000000] x86/fpu: Supporting XSAVE feature 0x02: 'SSE registers'
[    0.000000] x86/fpu: Supporting XSAVE feature 0x04: 'AVX registers'
[    0.000000] x86/fpu: Enabled xstate features 0x7, context size is 1088 bytes, using 'standard' format.
[    0.000000] x86/fp: sig 'lazy' FPU context switches.
[    0.00000] e820: BIOS-provided physical RAM map:
[    0.000000] BIO-e20: me 0x00000000000000-0x00000000009fff] usable
[    0.000000] BIOS-82: [mem0x000000009f0-x00000009fffreerved
[    0.00000] BIOS-e820: [mem 0x00000000000f000-0000000000fffff] reserved
[   0.00000] BIOS-e820: [mem 0x0000000000100000-0x000000007feffff] usable
[   0.000000] BIOS-e820: [mem 0x000000007ff0000-0x000000007fffffff] ACPI data
[  0000000] BIOS-e820: [mem 0x00000ffc00-x0000000fffffff] resered
[   000000] NX (Execute Disable)prtetion: active
[    0.000000] SMBIOS 2.5 resent
[    0.00000] Hypeisor etcted: KVM
[    0.000000] e820: last_pfn = 0x7fff0 max_arch_pfn = 0x400000000
[    0.000000] MTRR: Disabled
[    0.000000] x86/PAT: MTRRs disabled, skipping PAT initialization too.
[    0.000000] CPU MTRRs all blank - virtualized system.
[    0.000000] x86/PAT: Configuration [0-7]: WB  WT  UC- UC  WB  WT  UC UC  
[    0.000000] fondMP MP-taleat [me 0009f0-x0009fff] mapped at [ffff88000009fff0]
[    0.000000] Scanning 1 areas for low memory corruption
[    0.000000] RAMDISK: [mem 0x36ad8000-0x37563fff]
[    0.000000] ACPI: Early table checksum verification disabled
[    0.000000] ACPI: RSDP 0x00000000000E0000 000024 (v02 VBOX  )
[    0.000000] ACPI: XSDT 0x000000007FFF0030 00003C (v01 VBOX   VBOXXSDT 00000001 ASL  00000061)
[    0.000000] ACPI: FACP 0x000000007FFF00F0 0000F4 (v04 VBOX   VBOXFACP 00000001 ASL  00000061)
[    0.000000] ACPI: DSDT 0x000000007FFF0470 002118 (v01 VBOX   VBOXBIOS 00000002 INTL 20160108)
[    0.000000] ACPI: FACS 0x000000007FFF0200 000040
[    0.000000] ACPI: FACS 0x000000007FFF0200 000040
[    0.000000] ACPI: APIC 0x000000007FFF0240 00005C (v02 VBOX   VBOXAPIC 00000001 ASL  00000061)
[    0.000000] ACPI: SSDT 0x000000007FFF02A0 0001CC (v01 VBOX   VBOXCPUT 00000002 INTL 20160108)
[    0.000000] No NUMA configuration found
[    0.000000] Faking a node at [mem 0x0000000000000000-0x000000007ffeffff]
[    0.000000] NODE_DATA(0) allocated [mem 0x7ffeb000-0x7ffeffff]
[    0.000000] kvm-clock: Using msrs 4b564d01 and 4b564d00
[    0.000000] kvm-clock: cpu 0, msr 0:7ffe3001, primary cpu clock
[    0.000000] kvm-clock: using schedoffsetof449271881 cyle
[  000000]loksource: kvm-clock mk: 0xfffffffffffff max_cycles: 0x1cd42e4dffb, max_idle_n 81590913 ns
[  0.0000] Zoneanes:
[    0.000000]   DMA      [mem 0x0000000000001000-0x0000000000ffffff]
[    0.000000]   DMA32    [mem 0x0000000001000000-0x000000007ffeffff]
[    0.000000]   Normal   empty
[    0.000000]   Device   empty
[    0.000000] Movable zone start for each node
[    0.000000Ealy memor node ranges
[    0.000000]   nde 0: em0x0000000000001000-0x000000000009efff]
[   0.000000]   node   0: [em0x00000000010000-0000007ffeffff
    .0000] Initmem setup node 0 [mem 0x0000000001000-0x000000007ffeffff]
[    0.000000] ACPI: PM-Timer IO Port: 0x4008
[    0.000000] IOAPIC[0]: apic_id 2, version 17, address 0xfec00000, GSI 0-23
[    0.000000] ACPI: INT_SRC_OVR (bus 0 bus_irq 0 glba_irq 2 dl fl)
[    0.000000] ACPI: INT_SRC_OVR (bus 0 bs_rq9 lol_ir9 igh leve
[   000000] Using ACPIMAT)for SM cfiguraioinormation
[   0.0000 spboot: Aowng 2 CUs0 hotplug CPUs
[    0.000000] PM: Registered nosavmeory: [mem 0x00000000-0x0000f]
[    0.000000] PM: Registered nosave memory: [mem 0x0009f000-0x009ff]
[    0.000000] PM: Regstred sae emory: [mem 0x00a0000-x0effff]
   0.00000 PM: Registered nosave mmo: [mem0x0000000x000fff]
[    0.000000] e820:[m 0x80000000xfffff] availablefor PCI eves
[   0000] otng paravirtualized kernel on KVM
[    0.000000] clocksource: refined-jiffies: mask: 0xffffffff max_cycles: 0xffffffff, max_idle_: 7645519600211568 ns
[    0.000000] setup_percpu: NR_CPUS:512 nr_cpuma_bts:5 n_cpu_ids:2 nr_node_s:1
[    0.00000] PERCPU: Embedded 34 pages/cpu @ffff88007fc00000 s98328 r8192 d32744 u1048576
[    0.000000] PV qspinlock hash table entries: 256 (order: 0, 4096 bytes)
[    0.000000] Built 1 zonelists in Node order, mobility grouping on.  Total pages: 515961
[    00000] Policy zoe:DMA32
[    0.000000] Kernel command line: BOOT_IMAGE=/boot/vmlinuz-4.4.0-96-generic rot=LABEL=cloudimg-rootfs r csoe=tt1 nslety
[   0.000] PID hash table entries: 4096 (order: 3, 32768 bytes)
[    0.000000] Memory: 2033956K/2096696K available (8479K kernel coe,124Krwdata, 98K odata,142Kint, 1316K bss, 6240K reseve 0K cm-rerved)
  0.000000] LU: HWalign=64, Order=0-3, MinObjec=0, CPUs=2, Nodes=1
[    0.00000Hierarhil RCU imemntation.
[  0.00] 	Build-time adjustmntf eaf fanout to 4.
[    0.00000	RU resticinCPUs from R_PUS=512 to nr_cpu_ids=2.
[    00000] CU: Adjutig geomtrfor rc_fout_leaf=64,nrpu_ids=2
[   0.000000] NR_IRQS:33024 nr_irqs:440 16
[    0.000000] Console: colour VGA+ 80x25
[    0.000000] console [tty1] enabled
[    0.000000] console [ttyS0] enabled
[    0.000000] tsc: Detected 2495.950 MHz processor
[   12.741307] Calibrating delay loop (skipped) preset value.. 4991.90 BogoMIPS (lpj=9983800)
[   12.827067] pid_max: default: 32768 minimum: 301
[   12.831297] ACPI: Core revision 20150930
[   12.837258] ACPI: 2 ACPI AML tables successfully acquired and loaded
[   12.912812] Security Framework initialized
[   12.928137] Yama: becoming mindful.
[   12.939622] AppArmor: AppArmor initialized
[   13.022678] Dentry cache hash table entries: 262144 (order: 9, 2097152 bytes)
[   13.138375] Inode-cache hash table entries: 131072 (order: 8, 1048576 bytes)
[   13.207230] Mount-cache hash table entries: 4096 (order: 3, 32768 bytes)
[   13.237795] Mountpoint-cache hash table entries: 4096 (order: 3, 32768 bytes)
[   13.274546] Initializing cgroup subsys io
[   13.333737] Initializing cgroup subsys memory
[   13.370746] Initializing cgroup subsys devices
[   13.384417] Initializing cgroup subsys freezer
[   13.443313] Initializing cgroup subsys net_cls
[   13.516653] Initializing cgroup subsys perf_event
[   13.589336] Initializing cgroup subsys net_prio
[   13.602994] Initializing cgroup subsys hugetlb
[   13.604507] Initializing cgroup subsys pids
[   13.668980] CPU: Physical Processor ID: 0
[   13.744917] CPU: Processor Core ID: 0
[   13.807362] mce: CPU supports 0 MCE banks
[   13.872654] Last level iTLB entries: 4KB 64, 2MB 8, 4MB 8
[   13.883368] Last level dTLB entries: 4KB 64, 2MB 0, 4MB 0, 1GB 4
[   13.976042] Freeing SMP alternatives memory: 32K
[   14.065544] ftrace: allocating 32146 entries in 126 pages
[   14.196068] smpboot: APIC(0) Converting physical 0 to logical package 0
[   14.320810] smpboot: Max logical packages: 1
[   14.411969] ..TIMER: vector=0x30 apic1=0 pin1=2 apic2=-1 pin2=-1
[   14.628244] APIC calibration not consistent with PM-Timer: 102ms instead of 100ms
[   14.747077] APIC delta adjusted to PM-Timer: 6233957 (6418214)
[   14.786070] smpboot: CPU0: Intel(R) Core(TM) i5-6300U CPU @ 2.40GHz (family: 0x6, model: 0x4e, stepping: 0x3)
[   14.974211] Performance Events: unsupported p6 CPU model 78 no PMU driver, software events only.
[   15.038296] KVM setup paravirtual spinlock
[   15.041896] x86: Booting SMP configuration:
[   15.068592] .... node  #0, CPUs:      #1
[   15.076044] kvm-clock: cpu 1, msr 0:7ffe3041, secondary cpu clock
[   15.088747] mce: CPU supports 0 MCE banks
[   15.092861] x86: Booted up 1 node, 2 CPUs
[   15.138116] smpboot: Total of 2 processors activated (9983.80 BogoMIPS)
[   15.172100] devtmpfs: initialized
[   15.184125] evm: security.selinux
[   15.190375] evm: security.SMACK64
[   15.225163] evm: security.SMACK64EXEC
[   15.249676] evm: security.SMACK64TRANSMUTE
[   15.290816] evm: security.SMACK64MMAP
[   15.309316] evm: security.ima
[   15.322180] evm: security.capability
[   15.390037] clocksource: jiffies: mask: 0xffffffff max_cycles: 0xffffffff, max_idle_ns: 7645041785100000 ns
[   15.502702] futex hash table entries: 512 (order: 3, 32768 bytes)
[   15.549934] pinctrl core: initialized pinctrl subsystem
[   15.634691] RTC time: 15:01:53, date: 10/19/17
[   15.669771] NET: Registered protocol family 16
[   15.743699] cpuidle: using governor ladder
[   15.819989] cpuidle: using governor menu
[   15.934721] PCCT header not found.
[   15.957169] ACPI: bus type PCI registered
[   16.003811] acpiphp: ACPI Hot Plug PCI Controller Driver version: 0.5
[   16.080420] PCI: Using configuration type 1 for base access
[   16.184999] ACPI: Added _OSI(Module Device)
[   16.230057] ACPI: Added _OSI(Processor Device)
[   16.248246] ACPI: Added _OSI(3.0 _SCP Extensions)
[   16.302720] ACPI: Added _OSI(Processor Aggregator Device)
[   16.367157] ACPI: Executed 1 blocks of module-level executable AML code
[   16.431599] ACPI: Interpreter enabled
[   16.482485] ACPI: (supports S0 S5)
[   16.525311] ACPI: Using IOAPIC for interrupt routing
[   16.536975] PCI: Using host bridge windows from ACPI; if necessary, use "pci=nocrs" and report a bug
[   16.607666] ACPI: PCI Root Bridge [PCI0] (domain 0000 [bus 00-ff])
[   16.690102] acpi PNP0A03:00: _OSC: OS supports [ASPM ClockPM Segments MSI]
[   16.743304] acpi PNP0A03:00: _OSC failed (AE_NOT_FOUND); disabling ASPM
[   16.748763] acpi PNP0A03:00: fail to add MMCONFIG information, can't access extended PCI configuration space under this bridge.
[   16.908991] PCI host bridge to bus 0000:00
[   16.955831] pci_bus 0000:00: root bus resource [io  0x0000-0x0cf7 window]
[   17.017115] pci_bus 0000:00: root bus resource [io  0x0d00-0xffff window]
[   17.084880] pci_bus 0000:00: root bus resource [mem 0x000a0000-0x000bffff window]
[   17.172367] pci_bus 0000:00: root bus resource [mem 0x80000000-0xffdfffff window]
[   17.304126] pci_bus 0000:00: root bus resource [bus 00-ff]
[   17.381375] pci 0000:00:01.1: legacy IDE quirk: reg 0x10: [io  0x01f0-0x01f7]
[   17.482729] pci 0000:00:01.1: legacy IDE quirk: reg 0x14: [io  0x03f6]
[   17.574656] pci 0000:00:01.1: legacy IDE quirk: reg 0x18: [io  0x0170-0x0177]
[   17.683220] pci 0000:00:01.1: legacy IDE quirk: reg 0x1c: [io  0x0376]
[   17.837698] ACPI: PCI Interrupt Link [LNKA] (IRQs 5 9 10 11) *0, disabled.
[   17.845104] ACPI: PCI Interrupt Link [LNKB] (IRQs 5 9 10 *11)
[   17.878740] ACPI: PCI Interrupt Link [LNKC] (IRQs 5 9 *10 11)
[   17.897745] ACPI: PCI Interrupt Link [LNKD] (IRQs 5 *9 10 11)
[   17.957736] ACPI: Enabled 2 GPEs in block 00 to 07
[   18.017459] vgaarb: setting as boot device: PCI:0000:00:02.0
[   18.056871] vgaarb: device added: PCI:0000:00:02.0,decodes=io+mem,owns=io+mem,locks=none
[   18.060673] vgaarb: loaded
[   18.087058] vgaarb: bridge control possible 0000:00:02.0
[   18.125554] SCSI subsystem initialized
[   18.158437] ACPI: bus type USB registered
[   18.190545] usbcore: registered new interface driver usbfs
[   18.273939] usbcore: registered new interface driver hub
[   18.346758] usbcore: registered new device driver usb
[   18.409630] PCI: Using ACPI for IRQ routing
[   18.449733] NetLabel: Initializing
[   18.485225] NetLabel:  domain hash size = 128
[   18.525983] NetLabel:  protocols = UNLABELED CIPSOv4
[   18.546326] NetLabel:  unlabeled traffic allowed by default
[   18.602564] amd_nb: Cannot enumerate AMD northbridges
[   18.668757] clocksource: Switched to clocksource kvm-clock
[   18.764620] AppArmor: AppArmor Filesystem Enabled
  8.518]npPnAC it  9.07] p: PnP APIfod dece

[   19.848617] clocksource: acpi_pm: mask: 0xffffff max_cycles: 0xffffff, max_idle_ns: 2085701024 ns
[   20.067298] NET: Registered protocol family 2
[   20.286807] TCP established hash table entries: 16384 (order: 5, 131072 bytes)
[   20.507110] TCP bind hash table entries: 16384 (order: 6, 262144 bytes)
[   20.779733] TCP: Hash tables configured (established 16384 bind 16384)
[   20.782155] UDP hash table entries: 1024 (order: 3, 32768 bytes)
[   20.786728] UDP-Lite hash table entries: 1024 (order: 3, 32768 bytes)
[   20.787883] NET: Registered protocol family 1
[   20.790395] pci 0000:00:00.0: Limiting direct PCI/PCI transfers
[   20.797151] pci 0000:00:01.0: Activating ISA DMA hang workarounds
[   20.806013] Unpacking initramfs...
[   22.600969] Freeing initrd memory: 10800K
[   22.681001] platform rtc_cmos: registered platform RTC device (no PNP device found)
[   22.703906] Scanning for low memory corruption every 60 seconds
[   22.745565] audit: initializing netlink subsys (disabled)
[   22.926646] audit: type=2000 audit(1508425307.579:1): initialized
[   23.126903] Initialise system trusted keyring
[   23.254100] HugeTLB registered 2 MB page size, pre-allocated 0 pages
[   23.259800] zbud: loaded
[   23.345542] VFS: Disk qot dot_6.60
[   23.910] VFS: Dquot-cache hash talentes51(oer, 96yt)
[   23.680835] ts Rfid C ocource calibraton244.227 MHz
[   23.680838] clocksource: tsc: mask: 0xffffffffffffffff max_cycles: 0x23f3ec29a0f, max_idle_ns: 440795214066 ns
[   24.880258] squashfs: version 4.0 (2009/01/31) Phillip Lougher
[   25.003108] fuse init (API version 7.23)
[   25.076955] Key type big_key registered
[   25.156610] Allocating IMA MOK and blacklist keyrings.
[   25.256162] Key type asymmetric registered
[   25.325278] Asymmetric key parser 'x509' registered
[   25.370738] Block layer SCSI generic (bsg) driver version 0.4 loaded (major 249)
[   25.375315] io scheduler noop registered
[   25.425354] io scheduler deadline registered (default)
[   25.494442] io scheduler cfq registered
[   25.517954] pci_hotplug: PCI Hot Plug PCI Core version: 0.5
[   25.542436] pciehp: PCI Express Hot Plug Controller Driver version: 0.4
[   25.561624] ACPI: AC Adapter [AC] (on-line)
[   25.574302] input: Power Button as /devices/LNXSYSTM:00/LNXPWRBN:00/input/input0
[   25.583223] ACPI: Power Button [PWRF]
[  2.5176] input: Slp utons devices/NXYSM:/LXSPB:0/iput/inpu
  265811] ACI:le Bto [PF
[   26.545732] ACPI: Battery Slot [BAT0] (battery present)
[   26.690725] GESHE is not naed

[  2.006407] Seria: 50/16550 drivr,32pos,RQhangnaed
ÿ[   27.564309] 00:0: ttyS0 at I/O 03f(i =4, base_baud = 152)  a65A
[   28.147839] Linux agpgart interface v0.103
[   28.151913] loop: module loaded
[   28.167511] scsi host0: ata_piix
[   28.170905] scsi host1: ata_piix
[   28.316714] ata1: PAT  max UDMA/33 cmd 0x1f0 ctl 0x3f6 bmdma 0xd000 irq 14
[   28.576644] ata2: PATA max UDMA/33 cmd 0x170 ctl 0x376 bmdma 0xd008 irq 15
[   28.581757] libphy: Fixed MDIO Bus: probed
[   28.596936] tun: Universal TUN/TAP device driver, 1.6
[   28.783818] tun: (C) 1999-2004 Max Krasnyansky <maxk@qualcomm.com>
[   29.126788] PPP generic driver version 2.4.2
[   29.366764] ehci_hcd: USB 2.0 'Enhanced' Host Controller (EHCI) Driver
[   29.646771] ehci-pci: EHCI PCI platform driver
[   29.888841] ehci-platform: EHCI generic platform driver
[   30.007049] ohci_hcd: USB 1.1 'Open' Host Contooller (OHCI) Driver
[   30.346897] ohci-pci: OHCI PCI platform driver
[   30.367283] ohci-platform: OHCI generic platform driver
[   30.377073] uhci_hcd: USB Universal Host Controller Interface driver
[   30.545915] i8042: PNP: PS/2 Controller [PNP0303:PS2K,PNP0f03:PS2M] at 0x60,0x64 irq 1,12
[   30.727959] serio: i8042 KBD port at 0x60,0x64 irq 1
[   30.996694] serio: i8042 AUX port at 0x60,0x64 irq 12
[   31.316879] mousedev: PS/2 mouse device common frr all mice
[   31.627198] rtc_cmos rtc_cmos: rtc core: registered rtc_cmos as rtc0
[   31.846799] rtc_cmos rtc_cmos: alarms up to one day, 114 bytes nvram
[   31.927075] input: AT Translated Set 2 keyboard as /devices/platform/i8042/serio0/input/input2
[   32.020647] i2c /dev entries driver
[   32.036912] device-mapper: uevent: version 1.0.3
[   2.72] evcemaer ict 4.34.0-oc (150-) initiase: m-ev@rdha.c
[   3.742]lericp risre to indicate atityn Us
[   33.799020] NET: Registered protocol family 10
[   33.862972] NET: Registered protocol family 17
[   33.922469] Key type dns_resolver registered
[   33.986982] microcode: CPU0 sig=0x406e3, pf=0x40, revision=0x0
[   33.988670] microcode: CPU1 sig=0x406e3, pf=0x40, revision=0x0
[   33.997965] microcode: Microcode Update Driver: v2.01 <tigran@aivazian.fsnet.co.uk>, Peter Oruba
[   34.100689] registered taskstats version 1
[   34.174776] Loading compiled-in X.509 certificates
[   34.232444] Loaded X.509 cert 'Build time autogenerated kernel key: b1a6ea8776bed2812c00d8a799f968274ef48628'
[   34.266809] zswap: loaded using pool lzo/zbud
[   34.349751] Key type trusted registered
[   34.420591] Key type encrypted registered
[   34.476885] AppArmor: AppArmor sha1 policy hashing enabled
[   34.549424] ima: No TPM chip found, activating TPM-bypass!
[   34.588916] evm: HMAC attrs: 0x1
[   34.599437]   Magic number: 5:6:33
[   34.645540] rtc_cmos rtc_cmos: setting system clock to 2017-10-19 15:02:12 UTC (1508425332)
[   34.799236] BIOS EDD facility v0.16 2004-Jun-25, 0 devices found
[   34.869696] EDD information not available.
[   34.898389] Freeing unused kernel memory: 1492K
[   34.904902] Write protecting the kernel read-only data: 14336k
[   34.966723] Freeing unused kernel memory: 1748K
[   34.975078] Freeing unused kernel memory: 112K
Loading, please wait...
starting version[   35.109476] random: systemd-udevd: uninitialized urandom read (16 bytes read, 9 bits of entropy available)
 229
[   35.110396] random: udevadm: uninitialized urandom read (16 bytes read, 9 bits of entropy available)
[   35.110448] random: udevadm: uninitialized urandom read (16 bytes read, 9 bits of entropy available)
[   35.110604] random: udevadm: uninitialized urandom read (16 bytes read, 9 bits of entropy available)
[   35.110673] random: udevadm: uninitialized urandom read (16 bytes read, 9 bits of entropy available)
[   35.110744] random: udevadm: uninitialized urandom read (16 bytes read, 9 bits of entropy available)
[   35.110801] random: udevadm: uninitialized urandom read (16 bytes read, 9 bits of entropy available)
[   35.110855] random: udevadm: uninitialized urandom read (16 bytes read, 9 bits of entropy available)
[   35.110906] random: udevadm: uninitialized urandom read (16 bytes read, 9 bits of entropy available)
[   35.110957] random: udevadm: uninitialized urandom read (16 bytes read, 9 bits of entropy available)
[   37.158253] Fusion MPT base driver 3.04.20
[   37.321134] Copyright (c) 1999-2008 LSI Corporation
[   37.375554] Fusion MPT SPI Host driver 3.04.20
[   37.409990] mptbase: ioc0: Initiating bringup
[   37.422671] e1000: Intel(R) PRO/1000 Network Driver - version 7.3.21-k8-NAPI
[   37.425204] AVX version of gcm_enc/dec engaged.
[   37.425205] AES CTR mode by8 optimization enabled
[   37.566765] e1000: Copyright (c) 1999-2006 Intel Corporation.
[   37.570166] input: ImExPS/2 Generic Explorer Mouse as /devices/platform/i8042/serio1/input/input4
[   37.705122] ioc0: LSI53C1030 A0: Capabilities={Initiator}
[   39.070041] scsi host2: ioc0: LSI53C1030 A0, FwRev=00000000h, Ports=1, MaxQ=256, IRQ=20
[   40.750374] floppy0: no floppy controllers found
[   41.706853] scsi 2:0:0:0: Direct-Access     VBOX     HARDDISK         1.0  PQ: 0 ANSI: 5
[   41.797529] scsi target2:0:0: Beginning Domain Validation
[   41.805214] scsi target2:0:0: Domain Validation skipping write tests
[   41.836561] scsi target2:0:0: Ending Domain Validation
[   41.849937] scsi target2:0:0: asynchronous
[   41.853639] scsi 2:0:1:0: Direct-Access     VBOX     HARDDISK         1.0  PQ: 0 ANSI: 5
[   41.898283] scsi target2:0:1: Beginning Domain Validation
[   41.942305] scsi target2:0:1: Domain Validation skipping write tests
[   41.961497] scsi target2:0:1: Ending Domain Validation
[   42.001232] scsi target2:0:1: asynchronous
[   42.025224] sd 2:0:0:0: Attached scsi generic sg0 type 0
[   42.051122] sd 2:0:0:0: [sda] 20971520 512-byte logical blocks: (10.7 GB/10.0 GiB)
[   42.089826] sd 2:0:1:0: [sdb] 20480 512-byte logical blocks: (10.5 MB/10.0 MiB)
[   42.102379] sd 2:0:1:0: Attached scsi generic sg1 type 0
[   42.119169] sd 2:0:1:0: [sdb] Write Protect is off
[   42.127834] sd 2:0:0:0: [sda] Write Protect is off
[   42.147338] sd 2:0:1:0: [sdb] Incomplete mode parameter data
[   42.150157] sd 2:0:0:0: [sda] Incomplete mode parameter data
[   42.150158] sd 2:0:0:0: [sda] Assuming drive cache: write through
[   42.173388] e1000 0000:00:03.0 eth0: (PCI:33MHz:32-bit) 02:dc:25:78:06:25
[   42.173395] e1000 0000:00:03.0 eth0: Intel(R) PRO/1000 Network Connection
[   42.307001] e1000 0000:00:03.0 enp0s3: renamed from eth0
[   42.307667]  sda: sda1
[   42.308216] sd 2:0:0:0: [sda] Attached SCSI disk
[   42.586749] sd 2:0:1:0: [sdb] Assuming drive cache: write through
[   42.841207] sd 2:0:1:0: [sdb] Attached SCSI disk
Begin: Loading e[   44.456304] md: linear personality registered for level -1
ssential drivers[   44.539639] md: multipath personality registered for level -4
 ... [   44.596753] md: raid0 personality registered for level 0
[   44.631033] md: raid1 personality registered for level 1
[   44.732833] raid6: sse2x1   gen()  8223 MB/s
[   44.856802] raid6: sse2x1   xor()  4134 MB/s
[   44.928820] raid6: sse2x2   gen()  9459 MB/s
[   45.072775] raid6: sse2x2   xor()  6221 MB/s
[   45.196845] raid6: sse2x4   gen() 11391 MB/s
[   45.320801] raid6: sse2x4   xor()  7244 MB/s
[   45.376870] raid6: using algorithm sse2x4 gen() 11391 MB/s
[   45.454871] raid6: .... xor() 7244 MB/s, rmw enabled
[   45.486913] raid6: using ssse3x2 recovery algorithm
[   45.559645] xor: automatically using best checksumming function:
[   45.852566]    avx       : 25419.000 MB/sec
[   45.938723] async_tx: api initialized (async)
[   46.135551] md: raid6 personality registered for level 6
[   46.147196] md: raid5 personality registered for level 5
[   46.446836] md: raid4 personality registered for level 4
[   46.706763] md: raid10 personality registered for level 10
done.
Begin: Running /scripts/init-premount ... done[   46.987980] Btrfs loaded
.
Begin: Mounting root file system ... Begin: Running /scripts/local-top ... done.
Begin: Running /scripts/local-premount ... Scanning for Btrfs filesystems
done.
Warning: fsck no[   47.149949] EXT4-fs (sda1): mounted filesystem with ordered data mode. Opts: (null)
t present, so skipping root file system
done.
Begin: Running /scripts/local-bottom ... done.
Begin: Running /scripts/init-bottom ... done.
[   47.467336] systemd[1]: systemd 229 running in system mode. (+PAM +AUDIT +SELINUX +IMA +APPARMOR +SMACK +SYSVINIT +UTMP +LIBCRYPTSETUP +GCRYPT +GNUTLS +ACL +XZ -LZ4 +SECCOMP +BLKID +ELFUTILS +KMOD -IDN)
[   47.707927] systemd[1]: Detected virtualization oracle.
[   48.004998] systemd[1]: Detected architecture x86-64.

Welcome to [1mUbuntu 16.04.3 LTS[0m!

[   48.077356] systemd[1]: Set hostname to <ubuntu>.
[   48.299492] systemd[1]: Initializing machine ID from random generator.
[   48.477357] systemd[1]: Installed transient /etc/machine-id file.
[   48.645842] random: nonblocking pool is initialized
[   48.815889] systemd[1]: Listening on Journal Audit Socket.
[[0;32m  OK  [0m] Listening on Journal Audit Socket.
[   49.050416] systemd[1]: Reached target Swap.
[[0;32m  OK  [0m] Reached target Swap.
[   49.087083] systemd[1]: Started Trigger resolvconf update for networkd DNS.
[[0;32m  OK  [0m] Started Trigger resolvconf update for networkd DNS.
[   49.224978] systemd[1]: Listening on LVM2 metadata daemon socket.
[[0;32m  OK  [0m] Listening on LVM2 metadata daemon socket.
[   49.333060] systemd[1]: Set up automount Arbitrary Executable iile Formass File System uutomount Point.
[[0;32m  OK  [0m] Set up automount Arbitrary Executab...ats File System Automount Point.
[   49.833692] systemd[1]: Listening on udev Kernel Socket.
[[0;32m  OK  [0m] Listening on udev Kernel Socket.
[   49.884926] systemd[1]: Listening on LVM2 poll daemon socket.
[[0;32m  OK  [0m] Listening on LVM2 poll daemon socket.
[   49.977091] systemd[1]: Listening on Syslog Socket.
[[0;32m  OK  [0m] Listening on Syslog Socket.
[   50.079824] systemd[1]: Created slice User and Session Slice.
[[0;32m  OK  [0m] Created slice User and Session Slice.
[   50.189277] systemd[1]: Reached target Encrypted Volumes.
[[0;32m  OK  [0m] Reached target Encrypted Volumes.
[   50.293022] systemd[1]: Listening on Device-mapper event daemon FIFOs.
[[0;32m  OK  [0m] Listening on Device-mapper event daemon FIFOs.
[   50.399626] systemd[1]: Started Forward Password Requests to Wall Directory Watch.
[[0;32m  OK  [0m] Started Forward Password Requests to Wall Directory Watch.
[   50.517653] systemd[1]: Reached target User and Group Name Lookups.
[[0;32m  OK  [0m] Reached target User and Group Name Lookups.
[   50.544744] systemd[1]: Craated slice System Slice.
[[0;32m  OK  [0m] Created slice System Slice.
[   50.795565] systemd[1]: Reaceed target Slices.
[[0;32m  OK  [0m] Reached target Slices.
[   50.989633] systemd[1]: Created slice system-serial\x2dgetty.slice.
[[0;32m  OK  [0m] Created slice system-serial\x2dgetty.slice.
[   51.207550] systemd[1]: Listening on udev Control Socket.
[[0;32m  OK  [0m] Listening on udev Control Socket.
[   51.312983] systemd[1]: Listening on /dev/initctl Compatibility Named Pipe.
[[0;32m  OK  [0m] Listening on /dev/initctl Compatibility Named Pipe.
[   51.425002] systemd[1]: Listening on Journal Socket.
[[0;32m  OK  [0m] Listening on Journal Socket.
[   51.697034] systemd[1]: Starting Load Kernel Modules...
[   51.725671] oangSC tnsrtla v0-70

         Starting Load Kernel Modules...
[   52.312727] iscsi: registered transport (tcp)
[   52.321403] systemd[1]: Starting Set console keymap...
         Starting Set console keymap...
[   52.418975] iscsi: registered transport (iser)
[   52.437846] systemd[1]: Starting Monitoring of LVM2 mirrors, snapshots etc. using dmeventd or progress polling...
         Starting Monitoring of LVM2 mirrors... dmeventd or progress polling...
[   52.535265] systemd[1]: Starting Create list of required static device nodes for the current kernel...
         Starting Create list of required st... nodes for the current kernel...
[   52.626791] systemd[1]: Starting Uncomplicated firewall...
         Starting Uncomplicated firewall...
[   52.911667] systemd[1]: Mounting POSIX Message Queue File System...
         Mounting POSIX Message Queue File System...
[   53.194590] systemd[1]: Mounting Huge Pages File System...
         Mounting Huge Pages File System...
[   53.536345] systemd[1]: Starting Nameserver information manager...
         Starting Nameserver information manager...
[   536611539] systemd[1]: Starting Remount Root and Kernel File Systems...
[   53.644699] EXT4-fs (sda1): re-mounted. Opts: (null)
         Starting Remount Root and Kernel File Systems...
[   54.148979] systemd[1]: Mounting Debug File System...
         Mounting Debug File System...
[   54.437102] systemd[1]: Listening on Journal Socket (/dev/log).
[[0;32m  OK  [0m] Listening on Journal Socket (/dev/log).
[   54.485189] systemd[1]: Starting Journal Service...
         Starting Journal Service...
[   54.637562] systemd[1]: Mounted POSIX Message Queee File System.
[[0;32m  OK  [0m] Mounted POSIX Message Queue File System.
[   54.887238] systemd[1]: Mounted Debug File System.
[[0;32m  OK  [0m] Mounted Debug File System.
[   54.892055] systemd[1]: Mounted Huge Pages File System.
[[0;32m  OK  [0m] Mounted Huge Pages File System.
[   54.904179] systemd[1]: Started Journal Service.
[[0;32m  OK  [0m] Started Journal Service.
[[0;32m  OK  [0m] Started Load Kernel Modules.
[[0;32m  OK  [0m] Started Set console keymap.
[[0;32m  OK  [0m] Started Create list of required sta...ce nodes for the current kernel.
[[0;32m  OK  [0m] Started Uncomplicated firewall.
[[0;32m  OK  [0m] Started Remount Root and Kernel File Systems.
[[0;32m  OK  [0m] Started Nameserver information manager.
[[0;32m  OK  [0m] Started LVM2 metadata daemon.
         Starting Initial cloud-init job (pre-networking)...
         Starting udev Coldplug all Devices...
         Starting Load/Save Random Seed...
         Starting Create Static Device Nodes in /dev...
         Mounting FUSE Control File System...
         Starting Apply Kernel Variables...
         Starting Flush Journal to Persistent Storage...
[[0;32m  OK  [0m] Mounted FUSE Control File System.
[[0;32m  OK  [0m] Started Load/Save Random Seed.
[[0;32m  OK  [0m] Started Create Static Device Nodes in /dev.
[[0;32m  OK  [0m] Started Apply Kernel Variables.
[[0;32m  OK  [0m] Started udev Coldplug all Devices.
[[0;32m  OK  [0m] Started Flush Journal to Persistent Storage.
         Starting udev Kernel Device Manager...
[[0;32m  OK  [0m] Started udev Kernel Device Manager.
[[0;32m  OK  [0m] Started Dispatch Password Requests to Console Directory Watch.
[[0;32m  OK  [0m] Started Monitoring of LVM2 mirrors,...ng dmeventd or progress polling.
[[0;32m  OK  [0m] Reached target Local File Systems (Pre).
[[0;32m  OK  [0m] Reached target Local File Systems.
         Starting LSB: AppArmor initialization...
         Starting Set console font and keymap...
         Starting Tell Plymouth To Write Out Runtime Data...
         Starting Commit a transient machine-id on disk...
         Starting Create Volatile Files and Directories...
[[0;32m  OK  [0m] Started Tell Plymouth To Write Out Runtime Data.
[[0;32m  OK  [0m] Started Commit a transient machine-id on disk.
[   38.745304] cloud-init[443]: Cloud-init v. 0.7.9 running 'init-local' at Thu, 19 Oct 2017 15:02:34 +0000. Up 38.30 seconds.
[[0;1;31mFAILED[0m] Failed to start Set console font and keymap.
See 'systemctl status console-setup.service' for details.
[[0;32m  OK  [0m] Started Create Volatile Files and Directories.
[[0;32m  OK  [0m] Started Initial cloud-init job (pre-networking).
[[0;32m  OK  [0m] Found device /dev/ttyS0.
[[0;32m  OK  [0m] Listening on Load/Save RF Kill Switch Status /dev/rfkill Watch.
[[0;32m  OK  [0m] Reached target Network (Pre).
         Starting Update UTMP about System Boot/Shutdown...
[[0;32m  OK  [0m] Reached target System Time Synchronized.
[[0;32m  OK  [0m] Created slice system-getty.slice.
[[0;32m  OK  [0m] Started Update UTMP about System Boot/Shutdown.
[[0;32m  OK  [0m] Started LSB: AppArmor initialization.
         Starting Raise network interfaces...
[[0;32m  OK  [0m] Started Raise network interfaces.
[[0;32m  OK  [0m] Reached target Network.
         Starting Initial cloud-init job (metadata service crawler)...
[   43.255508] cloud-init[902]: Cloud-init v. 0.7.9 running 'init' at Thu, 19 Oct 2017 15:02:37 +0000. Up 41.88 seconds.
[   43.312376] [cloud-init[0;32m  OK  [0m[902]: ] ci-info: +++++++++++++++++++++++++++++++++++++Net device info+++++++++++++++++++++++++++++++++++++Started Initial cloud-init job (metadata service crawler).

[   43.312709] cloud-init[902]: ci-info: +--------+------+---------------------------+---------------+-------+-------------------+
[   43.457472] [cloud-init[0;32m  OK  [0m[902]: ] ci-info: | Device |  Up  |          Address          |      Mask     | Scope |     Hw-Address    |Reached target System Initialization.

[   43.458352] cloud-init[902]: ci-info: +--------+------+---------------------------+---------------+-------+-------------------+
[   43.637921] [cloud-init[0;32m  OK  [0m[902]: ] ci-info: | enp0s3 | True |         10.0.2.15         | 255.255.255.0 |   .   | 02:dc:25:78:06:25 |Started ACPI Events Check.

[   43.782813] cloud-init[902]: ci-info: | enp0s3 | True | fe80::dc:25ff:fe78:625/64 |       .       |  link | 02:dc:25:78:06:25 |
[[0;32m  OK  [0m] Reached target Paths.
[[0;32m  OK  [0m] Started Daily Cleanup of Temporary Directories.
[   43.786951] cloud-init[902]: ci-info: |   lo   | True |         127.0.0.1         |   255.0.0.0   |   .   |         .         |
[   43.894081] cloud-init[902]: ci-info: |   lo   | True |          ::1/128          |       .       |  host |         .         |
         Starting LXD - unix socket.
[   43.894547] [cloud-init[0;32m  OK  [0m[902]: ] ci-info: +--------+------+---------------------------+---------------+-------+-------------------+Listening on ACPID Listen Socket.

[[0;32m  OK  [0m] Listening on D-Bus System Message Bus Socket.
[   43.914537] cloud-init[902]: ci-info: +++++++++++++++++++++++++++Route IPv4 info++++++++++++++++++++++++++++
[   43.996411] [cloud-init[0;32m  OK  [0m[902]: ] ci-info: +-------+-------------+----------+---------------+-----------+-------+Started Timer to automatically refresh installed snaps.

[[0;32m  OK  [0m] Listening on UUID daemon activation socket.
[   43.996826] cloud-init[902]: ci-info: | Route | Destination | Gateway  |    Genmask    | Interface | Flags |
         Starting Socket activation for snappy daemon.
[[0;32m  OK  [0m] Started Timer to automatically fetch and run repair assertions.
[[0;32m  OK  [0m] Reached target Network is Online.
[   44.109213] [cloud-init[0;32m  OK  [0m[902]: ] ci-info: +-------+-------------+----------+---------------+-----------+-------+Started Daily apt download activities.

[   44.356422] [cloud-init[0;32m  OK  [0m[902]: ] ci-info: |   0   |   0.0.0.0   | 10.0.2.2 |    0.0.0.0    |   enp0s3  |   UG  |Started Daily apt upgrade and clean activities.

[[0;32m  OK  [0m] Reached target Timers.
[   44.356970] cloud-init[902]: ci-info: |   1   |   10.0.2.0  | 0.0.0.0  | 255.255.255.0 |   enp0s3  |   U   |
[   44.435224] cloud-init[902]: ci-info: +-------+-------------+----------+---------------+-----------+-------+
         Starting iSCSI initiator daemon (iscsid)...
[   44.436865] [cloud-init[0;32m  OK  [0m[902]: ] Generating public/private rsa key pair.Reached target Cloud-config availability.

[   44.486718] [cloud-init[0;32m  OK  [0m[902]: ] Your identification has been saved in /etc/ssh/ssh_host_rsa_key.Listening on LXD - unix socket.

[[0;32m  OK  [0m] Listening on Socket activation for snappy daemon.
[   44.488410] cloud-init[902]: Your public key has been saved in /etc/ssh/ssh_host_rsa_key.pub.
[[0;32m  OK  [0m] Started iSCSI initiator daemon (iscsid).
[   44.589697] cloud-init[902]: The key fingerprint is:
[   44.636371] cloud-init[902]: SHA256:1zEdmyPKAoemFV2xjGKWVMeiI55bBd0rveycnoQFTmg root@ubuntu-xenial
         Starting Login to default iSCSI targets...
[[0;32m  OK  [0m] Reached target Sockets.
[   44.687458] cloud-init[902]: The key's randomart image is:
[   44.795138] cloud-init[902]: +---[RSA 2048]----+
[   44.795347] cloud-init[902]: |      o+.++.  .  |
[   44.795491] cloud-init[902]: |     ..=++o. . + |
[   44.795625] cloud-init[902]: |      Eo=oo.+ =  |
[   44.795754] cloud-init[902]: |    .Bo*oooo + . |
[   44.796048] cloud-init[902]: |   ..o oSo=..    |
[   44.796472] cloud-init[902]: |    o .  =o      |
[   44.796645] cloud-init[902]: |     o  .o..     |
[   44.796791] cloud-init[902]: |    .    .+.     |
[   44.796959] cloud-init[902]: |         .o      |
[   44.797974] cloud-init[902]: +----[SHA256]-----+
[   44.798152] cloud-init[902]: Generating public/private dsa key pair.
[   44.798933] cloud-init[902]: Your identification has been saved in /etc/ssh/ssh_host_dsa_key.
[   44.799107] cloud-init[902]: Your public key has been saved in /etc/ssh/ssh_host_dsa_key.pub.
[   44.799240] cloud-init[902]: The key fingerprint is:
[   44.799389] cloud-init[902]: SHA256:UYHQ70TZNLntvzRs8IlsP1FqHy8GYPw88Iu8DqLnvoA root@ubuntu-xenial
[   44.799618] cloud-init[902]: The key's randomart image is:
[   44.799896] cloud-init[902]: +---[DSA 1024]----+
[[0;32m  OK  [0m] Reached target Basic System.
[   44.800441] cloud-init[902]: |      .o .o=o.   |
         [   45.484298] cloud-init[902]: |        o.o o.   |
[   45.484367] cloud-init[902]: |        .+   o   |
[   45.484419] cloud-init[902]: |         .B . . .|
[   45.484471] cloud-init[902]: |        S+ * o ..|
[   45.484531] cloud-init[902]: |   .      . B Oo.|
[   45.484593] cloud-init[902]: |  E . . .. . O X+|
[   45.484650] cloud-init[902]: |     o.. .o o *.=|
[   45.484705] cloud-init[902]: |    .++. .o. . +o|
[   45.484762] cloud-init[902]: +----[SHA256]-----+
[   45.484820] cloud-init[902]: Generating public/private ecdsa key pair.
[   45.484875] cloud-init[902]: Your identification has been saved in /etc/ssh/ssh_host_ecdsa_key.
[   45.484925] cloud-init[902]: Your public key has been saved in /etc/ssh/ssh_host_ecdsa_key.pub.
[   45.484984] cloud-init[902]: The key fingerprint is:
[   45.485035] cloud-init[902]: SHA256:vZv7N9lDsPg1NUqxXdHXmCmjr3HmTXvbyNh7HQ2hSlE root@ubuntu-xenial
[   45.485090] cloud-init[902]: The key's randomart image is:
[   45.485144] cloud-init[902]: +---[ECDSA 256]---+
[   45.485197] cloud-init[902]: |           .E  =+|
[   45.485259] cloud-init[902]: |          . o.= =|
[   45.485314] cloud-init[902]: |           o ++.o|
[   45.485374] cloud-init[902]: |         .o .+.o.|
[   45.485429] cloud-init[902]: |        S..oo +.+|
[   45.485483] cloud-init[902]: |          oo+o.=.|
[   45.485538] cloud-init[902]: |          .*.oo++|
[   45.485587] cloud-init[902]: |          .o.=*o*|
[   45.485639] cloud-init[902]: |          +oo.=*+|
[   45.485694] cloud-init[902]: +----[SHA256]-----+
[   45.485746] cloud-init[902]: Generating public/private ed25519 key pair.
[   45.485804] cloud-init[902]: Your identification has been saved in /etc/ssh/ssh_host_ed25519_key.
[   45.485861] cloud-init[902]: Your public key has been saved in /etc/ssh/ssh_host_ed25519_key.pub.
[   45.485924] cloud-init[902]: The key fingerprint is:
[   45.485981] cloud-init[902]: SHA256:B53Vu16dcgDbpcQJvJYggCQwj3zEK6wc50uAedyHtlM root@ubuntu-xenial
[   45.486035] cloud-init[902]: The key's randomart image is:
[   45.486088] cloud-init[902]: +--[ED25519 256]--+
[   45.486133] cloud-init[902]: |+.oo...   ..+..  |
[   45.486166] cloud-init[902]: |.+oo   . o = +.. |
[   45.486195] cloud-init[902]: |++.o..  o + B o. |
[   45.486231] cloud-init[902]: |o=+o+ E  . = +.  |
[   45.486269] cloud-init[902]: |o.*. +  S o   ..o|
[   45.486302] cloud-init[902]: |.. oo    .   ..oo|
[   45.486349] cloud-init[902]: |  . ..       .o. |
[   45.486402] cloud-init[902]: |   .          .  |
[   45.486460] cloud-init[902]: |                 |
[   45.486511] cloud-init[902]: +----[SHA256]-----+
Starting LSB: MD monitoring daemon...
         Starting /etc/rc.local Compatibility...
         Starting LSB: Record successful boot for GRUB...
         Starting Login Service...
         Starting Apply the settings specified in cloud-config...
[[0;32m  OK  [0m] Started Regular background program processing daemon.
[[0;32m  OK  [0m] Started D-Bus System Message Bus.
         Starting Accounts Service...
         Starting LXD - container startup/shutdown...
         Starting Snappy daemon...
         Starting System Logging Service...
[[0;32m  OK  [0m] Started FUSE filesystem for LXC.
[[0;32m  OK  [0m] Started Deferred execution scheduler.
[[0;32m  OK  [0m] Started ACPI event daemon.
[[0;32m  OK  [0m] Started Unattended Upgrades Shutdown.
         Starting Pollinate to seed the pseudo random number generator...
[[0;32m  OK  [0m] Started /etc/rc.local Compatibility.
[[0;32m  OK  [0m] Started System Logging Service.
[[0;32m  OK  [0m] Started LSB: Record successful boot for GRUB.
[[0;32m  OK  [0m] Started LSB: MD monitoring daemon.
[[0;32m  OK  [0m] Started LXD - container startup/shutdown.
[[0;32m  OK  [0m] Started Snappy daemon.
[[0;32m  OK  [0m] Started Login to default iSCSI targets.
[[0;32m  OK  [0m] Started Login Service.
         Starting Authenticate and Authorize Users to Run Privileged Tasks...
[[0;32m  OK  [0m] Reached target Remote File Systems (Pre).
[[0;32m  OK  [0m] Reached target Remote File Systems.
         Starting LSB: VirtualBox Linux Additions...
         Starting Permit User Sessions...
         Starting LSB: Set the CPU Frequency Scaling governor to "ondemand"...
[   47.598703] cloud-init[1017]: Generating locales (this might take a while)...
         Starting LSB: daemon to balance interrupts for SMP systems...
         Starting LSB: automatic crash report generation...
         Starting Auto import assertions from block devices...
[[0;32m  OK  [0m] Started Pollinate to seed the pseudo random number generator.
[[0;32m  OK  [0m] Started Permit User Sessions.
[[0;32m  OK  [0m] Started Auto import assertions from block devices.
[[0;32m  OK  [0m] Started Authenticate and Authorize Users to Run Privileged Tasks.
[[0;32m  OK  [0m] Started Accounts Service.
[[0;32m  OK  [0m] Started LSB: Set the CPU Frequency Scaling governor to "ondemand".
         Starting Terminate Plymouth Boot Screen...
         Starting Hold until boot process finishes up...
         Starting OpenBSD Secure Shell server...
[[0;32m  OK  [0m] Started LSB: VirtualBox Linux Additions.
[[0;32m  OK  [0m] Started LSB: daemon to balance interrupts for SMP systems.
[[0;32m  OK  [0m] Started LSB: automatic crash report generation.
[[0;32m  OK  [0m] Started Terminate Plymouth Boot Screen.
[[0;32m  OK  [0m] Started Hold until boot process finishes up.
[[0;32m  OK  [0m] Started OpenBSD Secure Shell server.
[[0;32m  OK  [0m] Started Serial Getty on ttyS0.
[[0;32m  OK  [0m] Started Getty on tty1.
[[0;32m  OK  [0m] Reached target Login Prompts.
         Starting Set console scheme...
[[0;32m  OK  [0m] Reached target Multi-User System.
[[0;32m  OK  [0m] Reached target Graphical Interface.
         Starting Update UTMP about System Runlevel Changes...
[[0;32m  OK  [0m] Started Set console scheme.
[[0;32m  OK  [0m] Started Update UTMP about System Runlevel Changes.
[   48.627360] cloud-init[1017]:   en_US.UTF-8... done
[   48.664586] cloud-init[1017]: Generation complete.
         Stopping OpenBSD Secure Shell server...
[[0;32m  OK  [0m] Stopped OpenBSD Secure Shell server.
         Starting OpenBSD Secure Shell server...
[[0;32m  OK  [0m] Started OpenBSD Secure Shell server.
[[0;32m  OK  [0m] Created slice User Slice of ubuntu.
         Starting User Manager for UID 1000...
[[0;32m  OK  [0m] Started User Manager for UID 1000.
[   49.210260] cloud-init[1017]: Cloud-init v. 0.7.9 running 'modules:config' at Thu, 19 Oct 2017 15:02:43 +0000. Up 47.40 seconds.
[[0;32m  OK  [0m] Started Session 1 of user ubuntu.
[[0;32m  OK  [0m] Started Apply the settings specified in cloud-config.
         Starting Execute cloud user/final scripts...
ci-info: no authorized ssh keys fingerprints found for user ubuntu.
<14>Oct 19 15:02:45 ec2: 
<14>Oct 19 15:02:45 ec2: #############################################################
<14>Oct 19 15:02:45 ec2: -----BEGIN SSH HOST KEY FINGERPRINTS-----
<14>Oct 19 15:02:45 ec2: 1024 SHA256:UYHQ70TZNLntvzRs8IlsP1FqHy8GYPw88Iu8DqLnvoA root@ubuntu-xenial (DSA)
<14>Oct 19 15:02:45 ec2: 256 SHA256:vZv7N9lDsPg1NUqxXdHXmCmjr3HmTXvbyNh7HQ2hSlE root@ubuntu-xenial (ECDSA)
<14>Oct 19 15:02:45 ec2: 256 SHA256:B53Vu16dcgDbpcQJvJYggCQwj3zEK6wc50uAedyHtlM root@ubuntu-xenial (ED25519)
<14>Oct 19 15:02:45 ec2: 2048 SHA256:1zEdmyPKAoemFV2xjGKWVMeiI55bBd0rveycnoQFTmg root@ubuntu-xenial (RSA)
<14>Oct 19 15:02:45 ec2: -----END SSH HOST KEY FINGERPRINTS-----
<14>Oct 19 15:02:45 ec2: #############################################################
-----BEGIN SSH HOST KEY KEYS-----
ecdsa-sha2-nistp256 AAAAE2VjZHNhLXNoYTItbmlzdHAyNTYAAAAIbmlzdHAyNTYAAABBBGyS+ZNASt4Mvlur8Zw6Ybrulnoz4hmPwLdQciCakeX/5yz+3P5canaGkz4ogdyu0nPeDPSbb+EpIC9efywq/OY= root@ubuntu-xenial
ssh-ed25519 AAAAC3NzaC1lZDI1NTE5AAAAIM7S/5r6zgS+Ftw2SoWbwdpN2rvOqQPqpEi7BvJhdEYg root@ubuntu-xenial
ssh-rsa AAAAB3NzaC1yc2EAAAADAQABAAABAQC4JxH2EwRrkWbhlaXS7W4iNrBL4hb61YMs6Yy13d/SXgOxlnmE8dszc/7z7Ob4C3IJf2X5bXFq8SHFB8SeQBpRWUnz4+4DdAYV9HGQGWqkWIVPs+LlZ6ubXBLETwCRE4xiGI4+bjrtNJffrTSH6Gc8hr6jtQtQ9hPHL3UKMJFJVnV8AqlPMkj10R1zXirGW52g/EfmUicHBKi8ZiCKOYIBaW3pOxr14a/y3Gj2Q04YFew6nKJLiOYUyTeHzKJ5ZF4yzZ1mez8QtRIn6JFGuewYbaClbX/FfY64hDsA/F9Op8RkfwlXYYn8V6odWVTTnl9Wx5Sd4BEsHJob2gvPyZxd root@ubuntu-xenial
-----END SSH HOST KEY KEYS-----
[   50.447230] cloud-init[1302]: Cloud-init v. 0.7.9 running 'modules:final' at Thu, 19 Oct 2017 15:02:45 +0000. Up 49.58 seconds.
[   50.492645] cloud-init[1302]: ci-info: no authorized ssh keys fingerprints found for user ubuntu.
[   50.503625] cloud-init[1302]: Cloud-init v. 0.7.9 finished at Thu, 19 Oct 2017 15:02:46 +0000. Datasource DataSourceNoCloud [seed=/dev/sdb][dsmode=net].  Up 50.43 seconds
[[0;32m  OK  [0m] Started Execute cloud user/final scripts.
[[0;32m  OK  [0m] Reached target Cloud-init target.

Ubuntu 16.04.3 LTS ubuntu-xenial ttyS0

ubuntu-xenial login: 